\BOOKMARK [1][-]{section.1}{\376\377\000I\000n\000t\000r\000o\000d\000u\000c\000t\000i\000o\000n}{}% 1
\BOOKMARK [2][-]{subsection.1.1}{\376\377\000O\000v\000e\000r\000v\000i\000e\000w}{section.1}% 2
\BOOKMARK [2][-]{subsection.1.2}{\376\377\000T\000h\000e\000\040\000H\000i\000s\000t\000o\000r\000i\000o\000g\000r\000a\000p\000h\000y\000\040\000o\000f\000\040\000P\000o\000l\000i\000t\000i\000c\000a\000l\000\040\000T\000h\000o\000u\000g\000h\000t}{section.1}% 3
\BOOKMARK [2][-]{subsection.1.3}{\376\377\000T\000h\000e\000\040\000F\000o\000r\000m\000a\000t\000i\000o\000n\000\040\000o\000f\000\040\000M\000a\000r\000x\000'\000s\000\040\000P\000o\000l\000i\000t\000i\000c\000a\000l\000\040\000a\000n\000d\000\040\000E\000c\000o\000n\000o\000m\000i\000c\000\040\000T\000h\000o\000u\000g\000h\000t}{section.1}% 4
\BOOKMARK [2][-]{subsection.1.4}{\376\377\000C\000o\000m\000p\000u\000t\000a\000t\000i\000o\000n\000a\000l\000\040\000M\000e\000t\000h\000o\000d\000s\000:\000\040\000C\000o\000n\000t\000e\000x\000t\000u\000a\000l\000\040\000S\000e\000n\000t\000e\000n\000c\000e\000\040\000E\000m\000b\000e\000d\000d\000i\000n\000g\000s}{section.1}% 5
\BOOKMARK [1][-]{section.2}{\376\377\000P\000a\000r\000t\000\040\000I\000:\000\040\000I\000n\000f\000l\000u\000e\000n\000c\000e\000s\000\040\000o\000n\000\040\000M\000a\000r\000x}{}% 6
\BOOKMARK [2][-]{subsection.2.1}{\376\377\000B\000a\000c\000k\000g\000r\000o\000u\000n\000d\000:\000\040\000S\000o\000u\000r\000c\000e\000s\000\040\000o\000f\000\040\000I\000n\000f\000l\000u\000e\000n\000c\000e\000\040\000o\000n\000\040\000M\000a\000r\000x\000'\000s\000\040\000T\000h\000o\000u\000g\000h\000t}{section.2}% 7
\BOOKMARK [2][-]{subsection.2.2}{\376\377\000M\000e\000t\000h\000o\000d\000s}{section.2}% 8
\BOOKMARK [3][-]{subsubsection.2.2.1}{\376\377\000S\000t\000y\000l\000i\000s\000t\000i\000c\000\040\000S\000i\000m\000i\000l\000a\000r\000i\000t\000y\000:\000\040\000C\000o\000m\000p\000u\000t\000a\000t\000i\000o\000n\000a\000l\000\040\000S\000t\000y\000l\000o\000m\000e\000t\000r\000i\000c\000s}{subsection.2.2}% 9
\BOOKMARK [3][-]{subsubsection.2.2.2}{\376\377\000S\000e\000m\000a\000n\000t\000i\000c\000\040\000T\000r\000a\000j\000e\000c\000t\000o\000r\000y\000:\000\040\000C\000o\000n\000t\000e\000x\000t\000u\000a\000l\000\040\000E\000m\000b\000e\000d\000d\000i\000n\000g\000s\000\040\000v\000i\000a\000\040\000N\000e\000u\000r\000a\000l\000\040\000T\000r\000a\000n\000s\000f\000o\000r\000m\000e\000r\000s}{subsection.2.2}% 10
\BOOKMARK [2][-]{subsection.2.3}{\376\377\000R\000e\000s\000u\000l\000t\000s}{section.2}% 11
\BOOKMARK [3][-]{subsubsection.2.3.1}{\376\377\000G\000e\000r\000m\000a\000n\000\040\000P\000h\000i\000l\000o\000s\000o\000p\000h\000y\000:\000\040\000C\000a\000l\000i\000b\000r\000a\000t\000i\000o\000n\000\040\000T\000e\000s\000t\000s}{subsection.2.3}% 12
\BOOKMARK [3][-]{subsubsection.2.3.2}{\376\377\000G\000e\000r\000m\000a\000n\000\040\000P\000h\000i\000l\000o\000s\000o\000p\000h\000y\000:\000\040\000R\000e\000s\000u\000l\000t\000s}{subsection.2.3}% 13
\BOOKMARK [3][-]{subsubsection.2.3.3}{\376\377\000F\000r\000e\000n\000c\000h\000\040\000R\000e\000p\000u\000b\000l\000i\000c\000a\000n\000i\000s\000m\000:\000\040\000C\000a\000l\000i\000b\000r\000a\000t\000i\000o\000n\000\040\000T\000e\000s\000t\000s}{subsection.2.3}% 14
\BOOKMARK [3][-]{subsubsection.2.3.4}{\376\377\000F\000r\000e\000n\000c\000h\000\040\000R\000e\000p\000u\000b\000l\000i\000c\000a\000n\000i\000s\000m\000:\000\040\000R\000e\000s\000u\000l\000t\000s}{subsection.2.3}% 15
\BOOKMARK [3][-]{subsubsection.2.3.5}{\376\377\000B\000r\000i\000t\000i\000s\000h\000\040\000P\000o\000l\000i\000t\000i\000c\000a\000l\000\040\000E\000c\000o\000n\000o\000m\000y\000:\000\040\000C\000a\000l\000i\000b\000r\000a\000t\000i\000o\000n\000\040\000T\000e\000s\000t\000s}{subsection.2.3}% 16
\BOOKMARK [3][-]{subsubsection.2.3.6}{\376\377\000B\000r\000i\000t\000i\000s\000h\000\040\000P\000o\000l\000i\000t\000i\000c\000a\000l\000\040\000E\000c\000o\000n\000o\000m\000y\000:\000\040\000R\000e\000s\000u\000l\000t\000s}{subsection.2.3}% 17
\BOOKMARK [1][-]{section.3}{\376\377\000P\000a\000r\000t\000\040\000I\000I\000:\000\040\000M\000a\000r\000x\000'\000s\000\040\000I\000n\000f\000l\000u\000e\000n\000c\000e}{}% 18
\BOOKMARK [2][-]{subsection.3.1}{\376\377\000I\000n\000t\000r\000o\000d\000u\000c\000t\000i\000o\000n}{section.3}% 19
\BOOKMARK [2][-]{subsection.3.2}{\376\377\000M\000a\000r\000x\000'\000s\000\040\000I\000n\000t\000e\000r\000l\000o\000c\000u\000t\000o\000r\000s}{section.3}% 20
\BOOKMARK [3][-]{subsubsection.3.2.1}{\376\377\000T\000h\000e\000\040\000Y\000o\000u\000n\000g\000\040\000H\000e\000g\000e\000l\000i\000a\000n\000s\000,\000\040\0001\0008\0004\0003\040\023\0001\0008\0004\0005\000:\000\040\000B\000r\000u\000n\000o\000\040\000B\000a\000u\000e\000r\000\040\000a\000n\000d\000\040\000M\000a\000x\000\040\000S\000t\000i\000r\000n\000e\000r}{subsection.3.2}% 21
\BOOKMARK [3][-]{subsubsection.3.2.2}{\376\377\000`\000`\000S\000t\000a\000t\000e\000\040\000S\000o\000c\000i\000a\000l\000i\000s\000m\000'\000'\000\040\000I\000,\000\040\0001\0008\0004\0005\040\023\0001\0008\0004\0009\000:\000\040\000L\000o\000u\000i\000s\000\040\000B\000l\000a\000n\000c}{subsection.3.2}% 22
\BOOKMARK [3][-]{subsubsection.3.2.3}{\376\377\000A\000n\000a\000r\000c\000h\000i\000s\000m\000\040\000I\000,\000\040\0001\0008\0004\0006\040\023\0001\0008\0004\0009\000:\000\040\000P\000i\000e\000r\000r\000e\000-\000J\000o\000s\000e\000p\000h\000\040\000P\000r\000o\000u\000d\000h\000o\000n}{subsection.3.2}% 23
\BOOKMARK [3][-]{subsubsection.3.2.4}{\376\377\000C\000h\000a\000l\000l\000e\000n\000g\000e\000r\000s\000\040\000t\000o\000\040\000t\000h\000e\000\040\000T\000h\000r\000o\000n\000e\000\040\000I\000,\000\040\0001\0008\0005\0009\040\023\0001\0008\0006\0000\000:\000\040\000K\000a\000r\000l\000\040\000V\000o\000g\000t}{subsection.3.2}% 24
\BOOKMARK [3][-]{subsubsection.3.2.5}{\376\377\000`\000`\000S\000t\000a\000t\000e\000\040\000S\000o\000c\000i\000a\000l\000i\000s\000m\000'\000'\000\040\000I\000I\000,\000\040\0001\0008\0006\0004\040\023\0001\0008\0008\0003\000:\000\040\000F\000e\000r\000d\000i\000n\000a\000n\000d\000\040\000L\000a\000s\000s\000a\000l\000l\000e}{subsection.3.2}% 25
\BOOKMARK [3][-]{subsubsection.3.2.6}{\376\377\000A\000n\000a\000r\000c\000h\000i\000s\000m\000\040\000I\000I\000,\000\040\0001\0008\0007\0002\040\023\0001\0008\0008\0003\000:\000\040\000M\000i\000k\000h\000a\000i\000l\000\040\000B\000a\000k\000u\000n\000i\000n}{subsection.3.2}% 26
\BOOKMARK [3][-]{subsubsection.3.2.7}{\376\377\000C\000h\000a\000l\000l\000e\000n\000g\000e\000r\000s\000\040\000t\000o\000\040\000t\000h\000e\000\040\000T\000h\000r\000o\000n\000e\000\040\000I\000I\000,\000\040\0001\0008\0008\0003\040\023\0001\0008\0008\0004\000:\000\040\000E\000u\000g\000e\000n\000\040\000D\000\374\000h\000r\000i\000n\000g}{subsection.3.2}% 27
\BOOKMARK [2][-]{subsection.3.3}{\376\377\000M\000e\000t\000h\000o\000d\000s}{section.3}% 28
\BOOKMARK [3][-]{subsubsection.3.3.1}{\376\377\000A\000u\000t\000h\000o\000r\000-\000S\000p\000e\000c\000i\000f\000i\000c\000\040\000E\000m\000b\000e\000d\000d\000i\000n\000g\000\040\000S\000p\000a\000c\000e\000s}{subsection.3.3}% 29
\BOOKMARK [3][-]{subsubsection.3.3.2}{\376\377\000D\000i\000s\000c\000u\000r\000s\000i\000v\000e\000\040\000F\000i\000e\000l\000d\000s\000\040\000a\000s\000\040\000E\000m\000b\000e\000d\000d\000i\000n\000g\000\040\000C\000l\000u\000s\000t\000e\000r\000s}{subsection.3.3}% 30
\BOOKMARK [2][-]{subsection.3.4}{\376\377\000R\000e\000s\000u\000l\000t\000s\000:\000\040\000M\000a\000r\000x\000\040\000a\000n\000d\000\040\000t\000h\000e\000\040\000S\000o\000c\000i\000a\000l\000i\000s\000t\000\040\000M\000o\000v\000e\000m\000e\000n\000t}{section.3}% 31
\BOOKMARK [2][-]{subsection.3.5}{\376\377\000R\000e\000s\000u\000l\000t\000s\000:\000\040\000M\000a\000r\000x\000\040\000v\000s\000.\000\040\000P\000a\000r\000t\000i\000c\000u\000l\000a\000r\000\040\000A\000u\000t\000h\000o\000r\000s}{section.3}% 32
\BOOKMARK [3][-]{subsubsection.3.5.1}{\376\377\000M\000a\000r\000x\000\040\000v\000s\000.\000\040\000P\000r\000o\000u\000d\000h\000o\000n}{subsection.3.5}% 33
\BOOKMARK [3][-]{subsubsection.3.5.2}{\376\377\000M\000a\000r\000x\000\040\000v\000s\000.\000\040\000L\000a\000s\000s\000a\000l\000l\000e}{subsection.3.5}% 34
\BOOKMARK [1][-]{section.4}{\376\377\000C\000o\000n\000c\000l\000u\000s\000i\000o\000n}{}% 35
\BOOKMARK [1][-]{section.5}{\376\377\000R\000e\000f\000e\000r\000e\000n\000c\000e\000s}{}% 36
\BOOKMARK [1][-]{appendix.A}{\376\377\000C\000o\000r\000p\000u\000s\000\040\000C\000o\000n\000s\000t\000r\000u\000c\000t\000i\000o\000n}{}% 37
\BOOKMARK [2][-]{subsection.A.1}{\376\377\000E\000a\000r\000l\000y\000\040\000M\000a\000r\000x}{appendix.A}% 38
\BOOKMARK [2][-]{subsection.A.2}{\376\377\000L\000a\000t\000e\000\040\000M\000a\000r\000x}{appendix.A}% 39
\BOOKMARK [2][-]{subsection.A.3}{\376\377\000E\000a\000r\000l\000y\000\040\000S\000o\000c\000i\000a\000l\000i\000s\000t\000\040\000T\000e\000x\000t\000s}{appendix.A}% 40
\BOOKMARK [2][-]{subsection.A.4}{\376\377\000L\000a\000t\000e\000\040\000S\000o\000c\000i\000a\000l\000i\000s\000t\000\040\000T\000e\000x\000t\000s}{appendix.A}% 41
\BOOKMARK [2][-]{subsection.A.5}{\376\377\000H\000e\000g\000e\000l\000i\000a\000n\000\040\000T\000e\000x\000t\000s}{appendix.A}% 42
\BOOKMARK [2][-]{subsection.A.6}{\376\377\000P\000o\000l\000i\000t\000i\000c\000a\000l\000-\000E\000c\000o\000n\000o\000m\000i\000c\000\040\000T\000e\000x\000t\000s}{appendix.A}% 43
\BOOKMARK [2][-]{subsection.A.7}{\376\377\000C\000l\000a\000s\000s\000i\000c\000a\000l\000\040\000L\000i\000t\000e\000r\000a\000t\000u\000r\000e}{appendix.A}% 44
\BOOKMARK [2][-]{subsection.A.8}{\376\377\000C\000o\000n\000t\000e\000m\000p\000o\000r\000a\000r\000y\000\040\000L\000i\000t\000e\000r\000a\000t\000u\000r\000e}{appendix.A}% 45
\BOOKMARK [2][-]{subsection.A.9}{\376\377\000C\000l\000a\000s\000s\000i\000c\000a\000l\000\040\000P\000h\000i\000l\000o\000s\000o\000p\000h\000y}{appendix.A}% 46
\BOOKMARK [2][-]{subsection.A.10}{\376\377\000C\000o\000n\000t\000e\000m\000p\000o\000r\000a\000r\000y\000\040\000P\000h\000i\000l\000o\000s\000o\000p\000h\000y}{appendix.A}% 47
\BOOKMARK [2][-]{subsection.A.11}{\376\377\000G\000e\000n\000e\000r\000a\000l\000\040\000H\000i\000s\000t\000o\000r\000y}{appendix.A}% 48
\BOOKMARK [2][-]{subsection.A.12}{\376\377\000N\000a\000t\000u\000r\000a\000l\000\040\000S\000c\000i\000e\000n\000c\000e\000s}{appendix.A}% 49
\BOOKMARK [2][-]{subsection.A.13}{\376\377\000M\000i\000s\000c\000e\000l\000l\000a\000n\000e\000o\000u\000s\000\040\000T\000e\000x\000t\000s}{appendix.A}% 50
\BOOKMARK [1][-]{appendix.B}{\376\377\000D\000i\000s\000c\000u\000r\000s\000i\000v\000e\000\040\000S\000u\000b\000s\000p\000a\000c\000e\000\040\000C\000o\000n\000s\000t\000r\000u\000c\000t\000i\000o\000n}{}% 51
\BOOKMARK [2][-]{subsection.B.1}{\376\377\000T\000w\000o\000-\000C\000l\000a\000s\000s\000\040\000C\000o\000m\000p\000a\000r\000i\000s\000o\000n\000\040\000v\000i\000a\000\040\000R\000e\000l\000a\000t\000i\000v\000e\000\040\000F\000r\000e\000q\000u\000e\000n\000c\000i\000e\000s}{appendix.B}% 52
\BOOKMARK [2][-]{subsection.B.2}{\376\377\000T\000w\000o\000-\000C\000l\000a\000s\000s\000\040\000C\000o\000m\000p\000a\000r\000i\000s\000o\000n\000\040\000v\000i\000a\000\040\000M\000a\000c\000h\000i\000n\000e\000\040\000L\000e\000a\000r\000n\000i\000n\000g}{appendix.B}% 53
\BOOKMARK [2][-]{subsection.B.3}{\376\377\000M\000u\000l\000t\000i\000-\000C\000l\000a\000s\000s\000\040\000C\000o\000m\000p\000a\000r\000i\000s\000o\000n\000\040\000v\000i\000a\000\040\000c\000T\000F\000-\000I\000D\000F}{appendix.B}% 54
\BOOKMARK [1][-]{appendix.C}{\376\377\000R\000o\000b\000u\000s\000t\000n\000e\000s\000s\000\040\000C\000h\000e\000c\000k\000s}{}% 55
\BOOKMARK [2][-]{subsection.C.1}{\376\377\000D\000o\000c\000u\000m\000e\000n\000t\000-\000L\000e\000v\000e\000l\000\040\000E\000m\000b\000e\000d\000d\000i\000n\000g\000s\000\040\000v\000i\000a\000\040\000L\000o\000n\000g\000f\000o\000r\000m\000e\000r}{appendix.C}% 56
\BOOKMARK [1][-]{appendix.D}{\376\377\000D\000a\000t\000a\000s\000e\000t\000s}{}% 57
\BOOKMARK [2][-]{subsection.D.1}{\376\377\000D\000a\000t\000a\000\040\000S\000u\000m\000m\000a\000r\000y\000:\000\040\000M\000a\000r\000x\000'\000s\000\040\000R\000e\000a\000d\000i\000n\000g}{appendix.D}% 58
\BOOKMARK [2][-]{subsection.D.2}{\376\377\000D\000a\000t\000a\000\040\000S\000u\000m\000m\000a\000r\000y\000:\000\040\000M\000a\000r\000x\000'\000s\000\040\000W\000r\000i\000t\000i\000n\000g}{appendix.D}% 59
\BOOKMARK [3][-]{subsubsection.D.2.1}{\376\377\000T\000h\000e\000\040\000M\000a\000r\000x\000-\000E\000n\000g\000e\000l\000s\000\040\000D\000i\000g\000i\000t\000a\000l\000\040\000R\000e\000g\000i\000s\000t\000e\000r}{subsection.D.2}% 60
\BOOKMARK [2][-]{subsection.D.3}{\376\377\000D\000a\000t\000a\000\040\000S\000u\000m\000m\000a\000r\000y\000:\000\040\000M\000a\000r\000x\000'\000s\000\040\000C\000o\000r\000r\000e\000s\000p\000o\000n\000d\000e\000n\000c\000e}{appendix.D}% 61
\BOOKMARK [2][-]{subsection.D.4}{\376\377\000D\000a\000t\000a\000\040\000S\000u\000m\000m\000a\000r\000y\000:\000\040\000M\000a\000r\000x\000'\000s\000\040\000R\000e\000f\000e\000r\000e\000n\000c\000e\000s}{appendix.D}% 62
\BOOKMARK [2][-]{subsection.D.5}{\376\377\000D\000a\000t\000a\000\040\000S\000u\000m\000m\000a\000r\000y\000:\000\040\000M\000a\000r\000x\000-\000E\000n\000g\000e\000l\000s\000\040\000D\000i\000g\000i\000t\000a\000l\000\040\000G\000l\000o\000s\000s\000a\000r\000y}{appendix.D}% 63
\BOOKMARK [2][-]{subsection.D.6}{\376\377\000S\000u\000p\000p\000l\000e\000m\000e\000n\000t\000a\000l\000\040\000D\000a\000t\000a\000s\000e\000t\000s}{appendix.D}% 64
\BOOKMARK [3][-]{subsubsection.D.6.1}{\376\377\000P\000r\000o\000u\000d\000h\000o\000n\000'\000s\000\040\000C\000o\000l\000l\000e\000c\000t\000e\000d\000\040\000W\000o\000r\000k\000s}{subsection.D.6}% 65
\BOOKMARK [3][-]{subsubsection.D.6.2}{\376\377\000P\000r\000o\000u\000d\000h\000o\000n\000'\000s\000\040\000C\000a\000r\000n\000e\000t\000s}{subsection.D.6}% 66
\BOOKMARK [3][-]{subsubsection.D.6.3}{\376\377\000C\000o\000l\000l\000e\000c\000t\000i\000o\000n\000s\000\040\000o\000f\000\040\000L\000a\000s\000s\000a\000l\000l\000e\000'\000s\000\040\000W\000o\000r\000k\000s}{subsection.D.6}% 67
\BOOKMARK [3][-]{subsubsection.D.6.4}{\376\377\000A\000n\000d\000r\000\351\000a\000s\000'\000\040\000L\000a\000s\000s\000a\000l\000l\000e\000\040\000B\000i\000b\000l\000i\000o\000g\000r\000a\000p\000h\000y}{subsection.D.6}% 68
\BOOKMARK [3][-]{subsubsection.D.6.5}{\376\377\000N\000i\000e\000t\000z\000s\000c\000h\000e\000'\000s\000\040\000R\000e\000a\000d\000i\000n\000g\000\040\000R\000e\000c\000o\000r\000d\000s}{subsection.D.6}% 69
\BOOKMARK [1][-]{appendix.E}{\376\377\000T\000a\000b\000l\000e\000\040\000F\000o\000o\000t\000n\000o\000t\000e\000s}{}% 70
\BOOKMARK [2][-]{subsection.E.1}{\376\377\000T\000a\000b\000l\000e\000\040\0007}{appendix.E}% 71
