\BOOKMARK [0][-]{section*.4}{\376\377\000A\000c\000k\000n\000o\000w\000l\000e\000d\000g\000m\000e\000n\000t\000s}{}% 1
\BOOKMARK [0][-]{section*.5}{\376\377\000D\000e\000d\000i\000c\000a\000t\000i\000o\000n}{}% 2
\BOOKMARK [0][-]{section*.6}{\376\377\000I\000n\000t\000r\000o\000d\000u\000c\000t\000i\000o\000n}{}% 3
\BOOKMARK [0][-]{chapter.1}{\376\377\000`\000`\000S\000i\000m\000u\000l\000t\000a\000n\000e\000o\000u\000s\000\040\000a\000n\000d\000\040\000S\000y\000s\000t\000e\000m\000a\000t\000i\000c\000\040\000A\000b\000o\000l\000i\000t\000i\000o\000n\000'\000'\000?\000:\000\040\000C\000a\000h\000i\000e\000r\000s\000\040\000d\000e\000\040\000D\000o\000l\000\351\000a\000n\000c\000e\000s}{}% 4
\BOOKMARK [1][-]{section.1.1}{\376\377\000I\000n\000t\000r\000o\000d\000u\000c\000t\000i\000o\000n}{chapter.1}% 5
\BOOKMARK [1][-]{section.1.2}{\376\377\000M\000e\000t\000h\000o\000d\000s}{chapter.1}% 6
\BOOKMARK [2][-]{subsection.1.2.1}{\376\377\000T\000o\000p\000i\000c\000\040\000M\000o\000d\000e\000l\000i\000n\000g}{section.1.2}% 7
\BOOKMARK [1][-]{section.1.3}{\376\377\000F\000r\000a\000n\000c\000e\000\040\0001\0007\0008\0009\000:\000\040\000T\000h\000e\000\040\000B\000i\000r\000t\000h\000\040\000o\000f\000\040\000I\000d\000e\000o\000l\000o\000g\000y}{chapter.1}% 8
\BOOKMARK [1][-]{section.1.4}{\376\377\000T\000h\000e\000\040\000C\000a\000h\000i\000e\000r\000s}{chapter.1}% 9
\BOOKMARK [2][-]{subsection.1.4.1}{\376\377\000C\000o\000m\000p\000e\000t\000i\000n\000g\000\040\000I\000n\000t\000e\000r\000p\000r\000e\000t\000a\000t\000i\000o\000n\000s\000\040\000o\000f\000\040\000t\000h\000e\000\040\000C\000a\000h\000i\000e\000r\000s}{section.1.4}% 10
\BOOKMARK [1][-]{section.1.5}{\376\377\000C\000o\000n\000c\000l\000u\000s\000i\000o\000n}{chapter.1}% 11
\BOOKMARK [0][-]{chapter*.7}{\376\377\000A\000p\000p\000e\000n\000d\000i\000c\000e\000s}{}% 12
\BOOKMARK [1][-]{section.a.1.A}{\376\377\000P\000r\000o\000b\000a\000b\000i\000l\000i\000s\000t\000i\000c\000\040\000G\000r\000a\000p\000h\000i\000c\000a\000l\000\040\000M\000o\000d\000e\000l\000s\000\040\000a\000n\000d\000\040\000T\000o\000p\000i\000c\000\040\000M\000o\000d\000e\000l\000s}{chapter*.7}% 13
\BOOKMARK [0][-]{appendix.2}{\376\377\000T\000h\000e\000\040\000G\000e\000o\000m\000e\000t\000r\000y\000\040\000o\000f\000\040\000P\000o\000l\000i\000t\000i\000c\000a\000l\000\040\000D\000i\000s\000c\000o\000u\000r\000s\000e\000:\000\040\000T\000h\000e\000\040\000T\000r\000a\000n\000s\000l\000a\000t\000i\000o\000n\000\040\000a\000n\000d\000\040\000D\000i\000f\000f\000u\000s\000i\000o\000n\000\040\000o\000f\000\040\000M\000a\000r\000x\000i\000s\000m\000\040\000f\000r\000o\000m\000\040\000t\000h\000e\000\040\000C\000o\000m\000m\000u\000n\000i\000s\000t\000\040\000M\000a\000n\000i\000f\000e\000s\000t\000o\000\040\000t\000o\000\040\000t\000h\000e\000\040\000C\000o\000l\000d\000\040\000W\000a\000r}{}% 14
\BOOKMARK [1][-]{section.2.1}{\376\377\000I\000n\000t\000r\000o\000d\000u\000c\000t\000i\000o\000n}{appendix.2}% 15
\BOOKMARK [2][-]{subsection.2.1.1}{\376\377\000O\000v\000e\000r\000v\000i\000e\000w}{section.2.1}% 16
\BOOKMARK [2][-]{subsection.2.1.2}{\376\377\000T\000h\000e\000\040\000H\000i\000s\000t\000o\000r\000i\000o\000g\000r\000a\000p\000h\000y\000\040\000o\000f\000\040\000P\000o\000l\000i\000t\000i\000c\000a\000l\000\040\000T\000h\000o\000u\000g\000h\000t}{section.2.1}% 17
\BOOKMARK [2][-]{subsection.2.1.3}{\376\377\000T\000h\000e\000\040\000F\000o\000r\000m\000a\000t\000i\000o\000n\000\040\000o\000f\000\040\000M\000a\000r\000x\000'\000s\000\040\000P\000o\000l\000i\000t\000i\000c\000a\000l\000\040\000a\000n\000d\000\040\000E\000c\000o\000n\000o\000m\000i\000c\000\040\000T\000h\000o\000u\000g\000h\000t}{section.2.1}% 18
\BOOKMARK [2][-]{subsection.2.1.4}{\376\377\000C\000o\000m\000p\000u\000t\000a\000t\000i\000o\000n\000a\000l\000\040\000M\000e\000t\000h\000o\000d\000s\000:\000\040\000C\000o\000n\000t\000e\000x\000t\000u\000a\000l\000\040\000S\000e\000n\000t\000e\000n\000c\000e\000\040\000E\000m\000b\000e\000d\000d\000i\000n\000g\000s}{section.2.1}% 19
\BOOKMARK [1][-]{section.2.2}{\376\377\000P\000a\000r\000t\000\040\000I\000:\000\040\000I\000n\000f\000l\000u\000e\000n\000c\000e\000s\000\040\000o\000n\000\040\000M\000a\000r\000x}{appendix.2}% 20
\BOOKMARK [2][-]{subsection.2.2.1}{\376\377\000B\000a\000c\000k\000g\000r\000o\000u\000n\000d\000:\000\040\000S\000o\000u\000r\000c\000e\000s\000\040\000o\000f\000\040\000I\000n\000f\000l\000u\000e\000n\000c\000e\000\040\000o\000n\000\040\000M\000a\000r\000x\000'\000s\000\040\000T\000h\000o\000u\000g\000h\000t}{section.2.2}% 21
\BOOKMARK [2][-]{subsection.2.2.2}{\376\377\000M\000e\000t\000h\000o\000d\000s}{section.2.2}% 22
\BOOKMARK [2][-]{subsection.2.2.3}{\376\377\000R\000e\000s\000u\000l\000t\000s}{section.2.2}% 23
\BOOKMARK [1][-]{section.2.3}{\376\377\000P\000a\000r\000t\000\040\000I\000I\000:\000\040\000M\000a\000r\000x\000'\000s\000\040\000I\000n\000f\000l\000u\000e\000n\000c\000e}{appendix.2}% 24
\BOOKMARK [2][-]{subsection.2.3.1}{\376\377\000I\000n\000t\000r\000o\000d\000u\000c\000t\000i\000o\000n}{section.2.3}% 25
\BOOKMARK [2][-]{subsection.2.3.2}{\376\377\000M\000a\000r\000x\000'\000s\000\040\000I\000n\000t\000e\000r\000l\000o\000c\000u\000t\000o\000r\000s}{section.2.3}% 26
\BOOKMARK [2][-]{subsection.2.3.3}{\376\377\000M\000e\000t\000h\000o\000d\000s}{section.2.3}% 27
\BOOKMARK [2][-]{subsection.2.3.4}{\376\377\000R\000e\000s\000u\000l\000t\000s\000:\000\040\000M\000a\000r\000x\000\040\000a\000n\000d\000\040\000t\000h\000e\000\040\000S\000o\000c\000i\000a\000l\000i\000s\000t\000\040\000M\000o\000v\000e\000m\000e\000n\000t}{section.2.3}% 28
\BOOKMARK [2][-]{subsection.2.3.5}{\376\377\000R\000e\000s\000u\000l\000t\000s\000:\000\040\000M\000a\000r\000x\000\040\000v\000s\000.\000\040\000P\000a\000r\000t\000i\000c\000u\000l\000a\000r\000\040\000A\000u\000t\000h\000o\000r\000s}{section.2.3}% 29
\BOOKMARK [1][-]{section.2.4}{\376\377\000C\000o\000n\000c\000l\000u\000s\000i\000o\000n}{appendix.2}% 30
\BOOKMARK [0][-]{appendix*.8}{\376\377\000A\000p\000p\000e\000n\000d\000i\000c\000e\000s}{}% 31
\BOOKMARK [1][-]{section.b.2.A}{\376\377\000C\000o\000r\000p\000u\000s\000\040\000C\000o\000n\000s\000t\000r\000u\000c\000t\000i\000o\000n}{appendix*.8}% 32
\BOOKMARK [2][-]{subsection.b.2.A.1}{\376\377\000E\000a\000r\000l\000y\000\040\000M\000a\000r\000x}{section.b.2.A}% 33
\BOOKMARK [2][-]{subsection.b.2.A.2}{\376\377\000L\000a\000t\000e\000\040\000M\000a\000r\000x}{section.b.2.A}% 34
\BOOKMARK [2][-]{subsection.b.2.A.3}{\376\377\000E\000a\000r\000l\000y\000\040\000S\000o\000c\000i\000a\000l\000i\000s\000t\000\040\000T\000e\000x\000t\000s}{section.b.2.A}% 35
\BOOKMARK [2][-]{subsection.b.2.A.4}{\376\377\000L\000a\000t\000e\000\040\000S\000o\000c\000i\000a\000l\000i\000s\000t\000\040\000T\000e\000x\000t\000s}{section.b.2.A}% 36
\BOOKMARK [2][-]{subsection.b.2.A.5}{\376\377\000H\000e\000g\000e\000l\000i\000a\000n\000\040\000T\000e\000x\000t\000s}{section.b.2.A}% 37
\BOOKMARK [2][-]{subsection.b.2.A.6}{\376\377\000P\000o\000l\000i\000t\000i\000c\000a\000l\000-\000E\000c\000o\000n\000o\000m\000i\000c\000\040\000T\000e\000x\000t\000s}{section.b.2.A}% 38
\BOOKMARK [2][-]{subsection.b.2.A.7}{\376\377\000C\000l\000a\000s\000s\000i\000c\000a\000l\000\040\000L\000i\000t\000e\000r\000a\000t\000u\000r\000e}{section.b.2.A}% 39
\BOOKMARK [2][-]{subsection.b.2.A.8}{\376\377\000C\000o\000n\000t\000e\000m\000p\000o\000r\000a\000r\000y\000\040\000L\000i\000t\000e\000r\000a\000t\000u\000r\000e}{section.b.2.A}% 40
\BOOKMARK [2][-]{subsection.b.2.A.9}{\376\377\000C\000l\000a\000s\000s\000i\000c\000a\000l\000\040\000P\000h\000i\000l\000o\000s\000o\000p\000h\000y}{section.b.2.A}% 41
\BOOKMARK [2][-]{subsection.b.2.A.10}{\376\377\000C\000o\000n\000t\000e\000m\000p\000o\000r\000a\000r\000y\000\040\000P\000h\000i\000l\000o\000s\000o\000p\000h\000y}{section.b.2.A}% 42
\BOOKMARK [2][-]{subsection.b.2.A.11}{\376\377\000G\000e\000n\000e\000r\000a\000l\000\040\000H\000i\000s\000t\000o\000r\000y}{section.b.2.A}% 43
\BOOKMARK [2][-]{subsection.b.2.A.12}{\376\377\000N\000a\000t\000u\000r\000a\000l\000\040\000S\000c\000i\000e\000n\000c\000e\000s}{section.b.2.A}% 44
\BOOKMARK [2][-]{subsection.b.2.A.13}{\376\377\000M\000i\000s\000c\000e\000l\000l\000a\000n\000e\000o\000u\000s\000\040\000T\000e\000x\000t\000s}{section.b.2.A}% 45
\BOOKMARK [1][-]{section.b.2.B}{\376\377\000D\000i\000s\000c\000u\000r\000s\000i\000v\000e\000\040\000S\000u\000b\000s\000p\000a\000c\000e\000\040\000C\000o\000n\000s\000t\000r\000u\000c\000t\000i\000o\000n}{appendix*.8}% 46
\BOOKMARK [2][-]{subsection.b.2.B.1}{\376\377\000T\000w\000o\000-\000C\000l\000a\000s\000s\000\040\000C\000o\000m\000p\000a\000r\000i\000s\000o\000n\000\040\000v\000i\000a\000\040\000R\000e\000l\000a\000t\000i\000v\000e\000\040\000F\000r\000e\000q\000u\000e\000n\000c\000i\000e\000s}{section.b.2.B}% 47
\BOOKMARK [2][-]{subsection.b.2.B.2}{\376\377\000T\000w\000o\000-\000C\000l\000a\000s\000s\000\040\000C\000o\000m\000p\000a\000r\000i\000s\000o\000n\000\040\000v\000i\000a\000\040\000M\000a\000c\000h\000i\000n\000e\000\040\000L\000e\000a\000r\000n\000i\000n\000g}{section.b.2.B}% 48
\BOOKMARK [2][-]{subsection.b.2.B.3}{\376\377\000M\000u\000l\000t\000i\000-\000C\000l\000a\000s\000s\000\040\000C\000o\000m\000p\000a\000r\000i\000s\000o\000n\000\040\000v\000i\000a\000\040\000c\000T\000F\000-\000I\000D\000F}{section.b.2.B}% 49
\BOOKMARK [1][-]{section.b.2.C}{\376\377\000R\000o\000b\000u\000s\000t\000n\000e\000s\000s\000\040\000C\000h\000e\000c\000k\000s}{appendix*.8}% 50
\BOOKMARK [2][-]{subsection.b.2.C.1}{\376\377\000D\000o\000c\000u\000m\000e\000n\000t\000-\000L\000e\000v\000e\000l\000\040\000E\000m\000b\000e\000d\000d\000i\000n\000g\000s\000\040\000v\000i\000a\000\040\000L\000o\000n\000g\000f\000o\000r\000m\000e\000r}{section.b.2.C}% 51
\BOOKMARK [1][-]{section.b.2.D}{\376\377\000D\000a\000t\000a\000s\000e\000t\000s}{appendix*.8}% 52
\BOOKMARK [2][-]{subsection.b.2.D.1}{\376\377\000D\000a\000t\000a\000\040\000S\000u\000m\000m\000a\000r\000y\000:\000\040\000M\000a\000r\000x\000'\000s\000\040\000R\000e\000a\000d\000i\000n\000g}{section.b.2.D}% 53
\BOOKMARK [2][-]{subsection.b.2.D.2}{\376\377\000D\000a\000t\000a\000\040\000S\000u\000m\000m\000a\000r\000y\000:\000\040\000M\000a\000r\000x\000'\000s\000\040\000W\000r\000i\000t\000i\000n\000g}{section.b.2.D}% 54
\BOOKMARK [2][-]{subsection.b.2.D.3}{\376\377\000D\000a\000t\000a\000\040\000S\000u\000m\000m\000a\000r\000y\000:\000\040\000M\000a\000r\000x\000'\000s\000\040\000C\000o\000r\000r\000e\000s\000p\000o\000n\000d\000e\000n\000c\000e}{section.b.2.D}% 55
\BOOKMARK [2][-]{subsection.b.2.D.4}{\376\377\000D\000a\000t\000a\000\040\000S\000u\000m\000m\000a\000r\000y\000:\000\040\000M\000a\000r\000x\000'\000s\000\040\000R\000e\000f\000e\000r\000e\000n\000c\000e\000s}{section.b.2.D}% 56
\BOOKMARK [2][-]{subsection.b.2.D.5}{\376\377\000D\000a\000t\000a\000\040\000S\000u\000m\000m\000a\000r\000y\000:\000\040\000M\000a\000r\000x\000-\000E\000n\000g\000e\000l\000s\000\040\000D\000i\000g\000i\000t\000a\000l\000\040\000G\000l\000o\000s\000s\000a\000r\000y}{section.b.2.D}% 57
\BOOKMARK [2][-]{subsection.b.2.D.6}{\376\377\000S\000u\000p\000p\000l\000e\000m\000e\000n\000t\000a\000l\000\040\000D\000a\000t\000a\000s\000e\000t\000s}{section.b.2.D}% 58
\BOOKMARK [1][-]{section.b.2.E}{\376\377\000T\000a\000b\000l\000e\000\040\000F\000o\000o\000t\000n\000o\000t\000e\000s}{appendix*.8}% 59
\BOOKMARK [2][-]{subsection.b.2.E.1}{\376\377\000T\000a\000b\000l\000e\000\040\0002\000.\0003\000.\0001}{section.b.2.E}% 60
\BOOKMARK [0][-]{appendix.3}{\376\377\000Q\000u\000a\000n\000t\000i\000f\000y\000i\000n\000g\000\040\000C\000u\000l\000t\000u\000r\000a\000l\000\040\000D\000i\000p\000l\000o\000m\000a\000c\000y\000:\000\040\000T\000h\000e\000\040\000T\000r\000a\000n\000s\000l\000a\000t\000i\000o\000n\000\040\000a\000n\000d\000\040\000D\000i\000f\000f\000u\000s\000i\000o\000n\000\040\000o\000f\000\040\000M\000a\000r\000x\000i\000s\000m\000\040\000f\000r\000o\000m\000\040\000t\000h\000e\000\040\000C\000o\000m\000m\000u\000n\000i\000s\000t\000\040\000M\000a\000n\000i\000f\000e\000s\000t\000o\000\040\000t\000o\000\040\000t\000h\000e\000\040\000C\000o\000l\000d\000\040\000W\000a\000r}{}% 61
\BOOKMARK [1][-]{section.3.1}{\376\377\000I\000n\000t\000r\000o\000d\000u\000c\000t\000i\000o\000n}{appendix.3}% 62
\BOOKMARK [1][-]{section.3.2}{\376\377\000M\000e\000t\000h\000o\000d\000s}{appendix.3}% 63
\BOOKMARK [1][-]{section.3.3}{\376\377\000D\000a\000t\000a}{appendix.3}% 64
\BOOKMARK [1][-]{section.3.4}{\376\377\000R\000e\000s\000u\000l\000t\000s}{appendix.3}% 65
\BOOKMARK [1][-]{section.3.5}{\376\377\000D\000i\000s\000c\000u\000s\000s\000i\000o\000n}{appendix.3}% 66
\BOOKMARK [1][-]{section.3.6}{\376\377\000C\000o\000n\000c\000l\000u\000s\000i\000o\000n}{appendix.3}% 67
\BOOKMARK [0][-]{section*.9}{\376\377\000C\000o\000n\000c\000l\000u\000s\000i\000o\000n}{}% 68
\BOOKMARK [0][-]{section*.9}{\376\377\000R\000e\000f\000e\000r\000e\000n\000c\000e\000s}{}% 69
